<?xml version="1.0" encoding="UTF-8"?>
<!-- Generated by org.testng.reporters.JUnitReportReporter -->
<testsuite hostname="Klaus" failures="0" tests="1" name="com.appium.ApiDemos.ApiDemos" time="49.999" errors="0" timestamp="18 Aug 2022 07:48:16 GMT">
  <testcase classname="com.appium.ApiDemos.ApiDemos" name="apiDemosApp" time="49.999"/>
</testsuite> <!-- com.appium.ApiDemos.ApiDemos -->
