<?xml version="1.0" encoding="UTF-8"?>
<!-- Generated by org.testng.reporters.JUnitReportReporter -->
<testsuite hostname="Klaus" failures="0" tests="1" name="com.appium.CalApp.Calculator" time="20.845" errors="0" timestamp="18 Aug 2022 05:04:53 GMT">
  <testcase classname="com.appium.CalApp.Calculator" name="calculatorActions" time="20.845"/>
</testsuite> <!-- com.appium.CalApp.Calculator -->
