<?xml version="1.0" encoding="UTF-8"?>
<!-- Generated by org.testng.reporters.JUnitReportReporter -->
<testsuite hostname="Klaus" failures="0" tests="1" name="com.appium.ApiDemos.OrientationApiDemos" time="21.940" errors="0" timestamp="18 Aug 2022 09:29:32 GMT">
  <testcase classname="com.appium.ApiDemos.OrientationApiDemos" name="apiDemosOrientation" time="21.940"/>
</testsuite> <!-- com.appium.ApiDemos.OrientationApiDemos -->
