<?xml version="1.0" encoding="UTF-8"?>
<!-- Generated by org.testng.reporters.JUnitReportReporter -->
<testsuite hostname="Klaus" failures="0" tests="1" name="com.appium.ApiDemos.DragAndDrop" time="29.884" errors="0" timestamp="18 Aug 2022 11:41:32 GMT">
  <testcase classname="com.appium.ApiDemos.DragAndDrop" name="apiDragAndDrop" time="29.884"/>
</testsuite> <!-- com.appium.ApiDemos.DragAndDrop -->
