<?xml version="1.0" encoding="UTF-8"?>
<!-- Generated by org.testng.reporters.JUnitReportReporter -->
<testsuite hostname="Klaus" failures="0" tests="1" name="com.appium.MyApp.InstallingApp" time="43.551" errors="0" timestamp="18 Aug 2022 01:17:02 GMT">
  <testcase classname="com.appium.MyApp.InstallingApp" name="installApp" time="43.551"/>
</testsuite> <!-- com.appium.MyApp.InstallingApp -->
