<?xml version="1.0" encoding="UTF-8"?>
<!-- Generated by org.testng.reporters.JUnitReportReporter -->
<testsuite hostname="Klaus" failures="0" tests="1" name="com.appium.ApiDemos.AppSwitch" time="19.888" errors="0" timestamp="18 Aug 2022 11:15:47 GMT">
  <testcase classname="com.appium.ApiDemos.AppSwitch" name="switchingApptoApp" time="19.888"/>
</testsuite> <!-- com.appium.ApiDemos.AppSwitch -->
