<?xml version="1.0" encoding="UTF-8"?>
<!-- Generated by org.testng.reporters.JUnitReportReporter -->
<testsuite hostname="Klaus" failures="0" tests="1" name="com.appium.ApiDemos.SwipeActions" time="21.457" errors="0" timestamp="18 Aug 2022 11:23:22 GMT">
  <testcase classname="com.appium.ApiDemos.SwipeActions" name="swipe" time="21.457"/>
</testsuite> <!-- com.appium.ApiDemos.SwipeActions -->
