<?xml version="1.0" encoding="UTF-8"?>
<!-- Generated by org.testng.reporters.JUnitReportReporter -->
<testsuite hostname="Klaus" failures="0" tests="1" name="com.appium.ApiDemos.RunInAppBackground" time="23.685" errors="0" timestamp="18 Aug 2022 09:40:17 GMT">
  <testcase classname="com.appium.ApiDemos.RunInAppBackground" name="apiDemosInBackground" time="23.685"/>
</testsuite> <!-- com.appium.ApiDemos.RunInAppBackground -->
