<?xml version="1.0" encoding="UTF-8"?>
<!-- Generated by org.testng.reporters.JUnitReportReporter -->
<testsuite hostname="Klaus" failures="0" tests="1" name="com.appium.MyApp.LaunchApp" time="22.875" errors="0" timestamp="17 Aug 2022 10:35:37 GMT">
  <testcase classname="com.appium.MyApp.LaunchApp" name="launchApp" time="22.875"/>
</testsuite> <!-- com.appium.MyApp.LaunchApp -->
