<?xml version="1.0" encoding="UTF-8"?>
<!-- Generated by org.testng.reporters.JUnitReportReporter -->
<testsuite hostname="Klaus" failures="0" tests="1" name="com.appium.App2.InstallGeneralStore" time="22.078" errors="0" timestamp="18 Aug 2022 01:30:05 GMT">
  <testcase classname="com.appium.App2.InstallGeneralStore" name="installGeneralStore" time="22.078"/>
</testsuite> <!-- com.appium.App2.InstallGeneralStore -->
