<?xml version="1.0" encoding="UTF-8"?>
<!-- Generated by org.testng.reporters.JUnitReportReporter -->
<testsuite hostname="Klaus" failures="0" tests="1" name="com.appium.App2.LaunchGeneralStoreApk" time="22.118" errors="0" timestamp="18 Aug 2022 01:22:57 GMT">
  <testcase classname="com.appium.App2.LaunchGeneralStoreApk" name="launchApp" time="22.118"/>
</testsuite> <!-- com.appium.App2.LaunchGeneralStoreApk -->
