<?xml version="1.0" encoding="UTF-8"?>
<!-- Generated by org.testng.reporters.JUnitReportReporter -->
<testsuite hostname="Klaus" failures="0" tests="1" name="com.appium.App3.InstallTouchScreenApp" time="20.115" errors="0" timestamp="18 Aug 2022 01:38:19 GMT">
  <testcase classname="com.appium.App3.InstallTouchScreenApp" name="installTouchSccreenTest" time="20.115"/>
</testsuite> <!-- com.appium.App3.InstallTouchScreenApp -->
