<?xml version="1.0" encoding="UTF-8"?>
<!-- Generated by org.testng.reporters.JUnitReportReporter -->
<testsuite hostname="Klaus" failures="0" tests="1" name="com.appium.ApiDemos.NetworkConnection" time="26.772" errors="0" timestamp="18 Aug 2022 09:22:19 GMT">
  <testcase classname="com.appium.ApiDemos.NetworkConnection" name="networkConnectionForApiDemos" time="26.772"/>
</testsuite> <!-- com.appium.ApiDemos.NetworkConnection -->
