<?xml version="1.0" encoding="UTF-8"?>
<!-- Generated by org.testng.reporters.JUnitReportReporter -->
<testsuite hostname="Klaus" failures="0" tests="1" name="com.appium.ApiDemos.AppiumStartServer" time="38.530" errors="0" timestamp="20 Aug 2022 06:53:04 GMT">
  <testcase classname="com.appium.ApiDemos.AppiumStartServer" name="startAppiumServer" time="38.530"/>
</testsuite> <!-- com.appium.ApiDemos.AppiumStartServer -->
