<?xml version="1.0" encoding="UTF-8"?>
<!-- Generated by org.testng.reporters.JUnitReportReporter -->
<testsuite hostname="Klaus" failures="0" tests="1" name="com.appium.ApiDemos.ScrollToIndia" time="24.839" errors="0" timestamp="8 Sep 2022 05:15:42 GMT">
  <testcase classname="com.appium.ApiDemos.ScrollToIndia" name="scrollElement" time="24.839"/>
</testsuite> <!-- com.appium.ApiDemos.ScrollToIndia -->
